<?xml version="1.0" encoding="UTF-8"?>
<!-- Generated by org.testng.reporters.JUnitXMLReporter -->
<testsuite ignored="0" hostname="DESKTOP-SCK5NUP" failures="5" tests="6" name="Test" time="65.397" errors="0" timestamp="2022-01-31T10:25:35 IST">
  <testcase classname="com.qa.testcases.Login_DataDriven" name="loginDDT" time="7.379">
    <failure type="java.lang.AssertionError" message="expected [true] but found [false]">
      <![CDATA[java.lang.AssertionError: expected [true] but found [false]
at com.qa.testcases.Login_DataDriven.loginDDT(Login_DataDriven.java:32)
at java.base/java.util.ArrayList.forEach(ArrayList.java:1511)
... Removed 31 stack frames]]>
    </failure>
  </testcase> <!-- loginDDT -->
  <testcase classname="com.qa.testcases.Login_DataDriven" name="loginDDT" time="6.325">
    <failure type="java.lang.AssertionError" message="expected [true] but found [false]">
      <![CDATA[java.lang.AssertionError: expected [true] but found [false]
at com.qa.testcases.Login_DataDriven.loginDDT(Login_DataDriven.java:32)
at java.base/java.util.ArrayList.forEach(ArrayList.java:1511)
... Removed 31 stack frames]]>
    </failure>
  </testcase> <!-- loginDDT -->
  <testcase classname="com.qa.testcases.Login_DataDriven" name="loginDDT" time="6.064">
    <failure type="java.lang.AssertionError" message="expected [true] but found [false]">
      <![CDATA[java.lang.AssertionError: expected [true] but found [false]
at com.qa.testcases.Login_DataDriven.loginDDT(Login_DataDriven.java:32)
at java.base/java.util.ArrayList.forEach(ArrayList.java:1511)
... Removed 31 stack frames]]>
    </failure>
  </testcase> <!-- loginDDT -->
  <testcase classname="com.qa.testcases.Login_DataDriven" name="loginDDT" time="7.315">
    <failure type="java.lang.AssertionError" message="expected [true] but found [false]">
      <![CDATA[java.lang.AssertionError: expected [true] but found [false]
at com.qa.testcases.Login_DataDriven.loginDDT(Login_DataDriven.java:32)
at java.base/java.util.ArrayList.forEach(ArrayList.java:1511)
... Removed 31 stack frames]]>
    </failure>
  </testcase> <!-- loginDDT -->
  <testcase classname="com.qa.testcases.Login_DataDriven" name="loginDDT" time="6.109">
    <failure type="java.lang.AssertionError" message="expected [true] but found [false]">
      <![CDATA[java.lang.AssertionError: expected [true] but found [false]
at com.qa.testcases.Login_DataDriven.loginDDT(Login_DataDriven.java:32)
at java.base/java.util.ArrayList.forEach(ArrayList.java:1511)
... Removed 31 stack frames]]>
    </failure>
  </testcase> <!-- loginDDT -->
  <testcase classname="com.qa.testcases.Login_testcase$TC_LoginTest_001" name="loginTest" time="2.432"/>
</testsuite> <!-- Test -->
